Using pre-set license
Built from '2020.2/release' branch; Version is '2020.2.2f1 (068178b99f32) revision 426360'; Using compiler version '192528614'; Build Type 'Release'
OS: 'Windows 10 Pro; OS build 18362.836; Version 1903; 64bit' Language: 'ru' Physical Memory: 16364 MB
BatchMode: 1, IsHumanControllingUs: 0, StartBugReporterOnCrash: 0, Is64bit: 1, IsPro: 0

 COMMAND LINE ARGUMENTS:
C:\Program Files\Unity\Hub\Editor\2020.2.2f1\Editor\Unity.exe
-adb2
-batchMode
-noUpm
-name
AssetImportWorker0
-projectPath
D:/Projects/Unity/UnityTowerDefense
-logFile
Logs/AssetImportWorker0.log
-srvPort
52265
Successfully changed project path to: D:/Projects/Unity/UnityTowerDefense
D:/Projects/Unity/UnityTowerDefense
Using Asset Import Pipeline V2.
Refreshing native plugins compatible for Editor in 67.94 ms, found 0 plugins.
Preloading 0 native plugins for Editor in 0.00 ms.
Initialize engine version: 2020.2.2f1 (068178b99f32)
[Subsystems] Discovering subsystems at path C:/Program Files/Unity/Hub/Editor/2020.2.2f1/Editor/Data/Resources/UnitySubsystems
[Subsystems] Discovering subsystems at path D:/Projects/Unity/UnityTowerDefense/Assets
GfxDevice: creating device client; threaded=0
Direct3D:
    Version:  Direct3D 11.0 [level 11.1]
    Renderer: NVIDIA GeForce RTX 2070 SUPER (ID=0x1e84)
    Vendor:   
    VRAM:     8011 MB
    Driver:   27.21.14.6079
Initialize mono
Mono path[0] = 'C:/Program Files/Unity/Hub/Editor/2020.2.2f1/Editor/Data/Managed'
Mono path[1] = 'C:/Program Files/Unity/Hub/Editor/2020.2.2f1/Editor/Data/MonoBleedingEdge/lib/mono/unityjit'
Mono config path = 'C:/Program Files/Unity/Hub/Editor/2020.2.2f1/Editor/Data/MonoBleedingEdge/etc'
Using monoOptions --debugger-agent=transport=dt_socket,embedding=1,server=y,suspend=n,address=127.0.0.1:56140
Begin MonoManager ReloadAssembly
Registering precompiled unity dll's ...
Register platform support module: C:/Program Files/Unity/Hub/Editor/2020.2.2f1/Editor/Data/PlaybackEngines/WindowsStandaloneSupport/UnityEditor.WindowsStandalone.Extensions.dll
Registered in 0.003078 seconds.
Native extension for WindowsStandalone target not found
Refreshing native plugins compatible for Editor in 31.93 ms, found 0 plugins.
Preloading 0 native plugins for Editor in 0.00 ms.
Invoked RoslynAnalysisRunner static constructor.
RoslynAnalysisRunner will not be running.
RoslynAnalysisRunner has terminated.
Mono: successfully reloaded assembly
- Completed reload, in  1.657 seconds
Platform modules already initialized, skipping
Registering precompiled user dll's ...
Registered in 0.002081 seconds.
Begin MonoManager ReloadAssembly
Native extension for WindowsStandalone target not found
Refreshing native plugins compatible for Editor in 0.29 ms, found 0 plugins.
Preloading 0 native plugins for Editor in 0.00 ms.
Invoked RoslynAnalysisRunner static constructor.
RoslynAnalysisRunner will not be running.
RoslynAnalysisRunner has terminated.
Mono: successfully reloaded assembly
- Completed reload, in  1.764 seconds
Platform modules already initialized, skipping
========================================================================
Worker process is ready to serve import requests
Launched and connected shader compiler UnityShaderCompiler.exe after 0.09 seconds
Refreshing native plugins compatible for Editor in 0.25 ms, found 0 plugins.
Preloading 0 native plugins for Editor in 0.00 ms.
Unloading 1115 Unused Serialized files (Serialized files now loaded: 0)
System memory in use before: 58.4 MB.
System memory in use after: 58.4 MB.

Unloading 10 unused Assets to reduce memory usage. Loaded Objects now: 1561.
Total: 3.176200 ms (FindLiveObjects: 0.971500 ms CreateObjectMapping: 0.093200 ms MarkObjects: 1.995900 ms  DeleteObjects: 0.113300 ms)

========================================================================
Received Import Request.
  path: Assets/Scripts/GameOver.cs
  artifactKey: Guid(c0da75b22e7110b49b179746156582f6) Importer(815301076,1909f56bfc062723c751e8b465ee728b)
Start importing Assets/Scripts/GameOver.cs using Guid(c0da75b22e7110b49b179746156582f6) Importer(815301076,1909f56bfc062723c751e8b465ee728b)  -> (artifact id: '6a9b75c19f552e356163027bfa42f465') in 0.066489 seconds
  Import took 0.069295 seconds .

========================================================================
Received Prepare
Refreshing native plugins compatible for Editor in 0.80 ms, found 0 plugins.
Preloading 0 native plugins for Editor in 0.00 ms.
Unloading 3 Unused Serialized files (Serialized files now loaded: 0)
System memory in use before: 36.7 MB.
System memory in use after: 36.8 MB.

Unloading 3 unused Assets to reduce memory usage. Loaded Objects now: 1561.
Total: 2.573400 ms (FindLiveObjects: 0.133200 ms CreateObjectMapping: 0.046400 ms MarkObjects: 2.330700 ms  DeleteObjects: 0.060800 ms)

========================================================================
Received Import Request.
  Time since last request: 25.743315 seconds.
  path: Assets/Animation/GameOver.anim
  artifactKey: Guid(030c8e24509071248ad09ca9519a2b8c) Importer(815301076,1909f56bfc062723c751e8b465ee728b)
Start importing Assets/Animation/GameOver.anim using Guid(030c8e24509071248ad09ca9519a2b8c) Importer(815301076,1909f56bfc062723c751e8b465ee728b)  -> (artifact id: '77caf9caee5328bf1b6e3f7f9f38108c') in 0.088557 seconds
  Import took 0.092977 seconds .

========================================================================
Received Import Request.
  Time since last request: 0.106862 seconds.
  path: Assets/Animation/GameOver.anim
  artifactKey: Guid(030c8e24509071248ad09ca9519a2b8c) Importer(815301076,1909f56bfc062723c751e8b465ee728b)
Start importing Assets/Animation/GameOver.anim using Guid(030c8e24509071248ad09ca9519a2b8c) Importer(815301076,1909f56bfc062723c751e8b465ee728b)  -> (artifact id: '77caf9caee5328bf1b6e3f7f9f38108c') in 0.009449 seconds
  Import took 0.072435 seconds .

========================================================================
Received Import Request.
  Time since last request: 119.218073 seconds.
  path: Assets/Animation/GameOver.controller
  artifactKey: Guid(1b5289684735edc43befe6d94baea0be) Importer(815301076,1909f56bfc062723c751e8b465ee728b)
Start importing Assets/Animation/GameOver.controller using Guid(1b5289684735edc43befe6d94baea0be) Importer(815301076,1909f56bfc062723c751e8b465ee728b)  -> (artifact id: '1046fdca425ed91ea87f8182c3779e59') in 0.013963 seconds
  Import took 0.016407 seconds .

========================================================================
Received Prepare
Registering precompiled user dll's ...
Registered in 0.001113 seconds.
Begin MonoManager ReloadAssembly
Native extension for WindowsStandalone target not found
Refreshing native plugins compatible for Editor in 0.31 ms, found 0 plugins.
Preloading 0 native plugins for Editor in 0.00 ms.
Invoked RoslynAnalysisRunner static constructor.
RoslynAnalysisRunner will not be running.
RoslynAnalysisRunner has terminated.
Mono: successfully reloaded assembly
- Completed reload, in  1.080 seconds
Platform modules already initialized, skipping
Refreshing native plugins compatible for Editor in 0.35 ms, found 0 plugins.
Preloading 0 native plugins for Editor in 0.00 ms.
Unloading 1110 Unused Serialized files (Serialized files now loaded: 0)
System memory in use before: 58.9 MB.
System memory in use after: 58.9 MB.

Unloading 5 unused Assets to reduce memory usage. Loaded Objects now: 1563.
Total: 2.034200 ms (FindLiveObjects: 0.136500 ms CreateObjectMapping: 0.047000 ms MarkObjects: 1.777700 ms  DeleteObjects: 0.071200 ms)

========================================================================
Received Prepare
Registering precompiled user dll's ...
Registered in 0.000729 seconds.
Begin MonoManager ReloadAssembly
Native extension for WindowsStandalone target not found
Refreshing native plugins compatible for Editor in 0.32 ms, found 0 plugins.
Preloading 0 native plugins for Editor in 0.00 ms.
Invoked RoslynAnalysisRunner static constructor.
RoslynAnalysisRunner will not be running.
RoslynAnalysisRunner has terminated.
Mono: successfully reloaded assembly
- Completed reload, in  1.092 seconds
Platform modules already initialized, skipping
Refreshing native plugins compatible for Editor in 0.25 ms, found 0 plugins.
Preloading 0 native plugins for Editor in 0.00 ms.
Unloading 1110 Unused Serialized files (Serialized files now loaded: 0)
System memory in use before: 59.8 MB.
System memory in use after: 59.8 MB.

Unloading 5 unused Assets to reduce memory usage. Loaded Objects now: 1565.
Total: 2.003200 ms (FindLiveObjects: 0.140300 ms CreateObjectMapping: 0.054100 ms MarkObjects: 1.732400 ms  DeleteObjects: 0.074800 ms)

========================================================================
Received Prepare
Registering precompiled user dll's ...
Registered in 0.001113 seconds.
Begin MonoManager ReloadAssembly
Native extension for WindowsStandalone target not found
Refreshing native plugins compatible for Editor in 0.25 ms, found 0 plugins.
Preloading 0 native plugins for Editor in 0.00 ms.
Invoked RoslynAnalysisRunner static constructor.
RoslynAnalysisRunner will not be running.
RoslynAnalysisRunner has terminated.
Mono: successfully reloaded assembly
- Completed reload, in  1.044 seconds
Platform modules already initialized, skipping
Refreshing native plugins compatible for Editor in 0.29 ms, found 0 plugins.
Preloading 0 native plugins for Editor in 0.00 ms.
Unloading 1110 Unused Serialized files (Serialized files now loaded: 0)
System memory in use before: 59.9 MB.
System memory in use after: 60.0 MB.

Unloading 5 unused Assets to reduce memory usage. Loaded Objects now: 1567.
Total: 2.020900 ms (FindLiveObjects: 0.149100 ms CreateObjectMapping: 0.047300 ms MarkObjects: 1.745800 ms  DeleteObjects: 0.076400 ms)

========================================================================
Received Prepare
Registering precompiled user dll's ...
Registered in 0.002287 seconds.
Begin MonoManager ReloadAssembly
Native extension for WindowsStandalone target not found
Refreshing native plugins compatible for Editor in 0.24 ms, found 0 plugins.
Preloading 0 native plugins for Editor in 0.00 ms.
Invoked RoslynAnalysisRunner static constructor.
RoslynAnalysisRunner will not be running.
RoslynAnalysisRunner has terminated.
Mono: successfully reloaded assembly
- Completed reload, in  1.129 seconds
Platform modules already initialized, skipping
Refreshing native plugins compatible for Editor in 0.52 ms, found 0 plugins.
Preloading 0 native plugins for Editor in 0.00 ms.
Unloading 1110 Unused Serialized files (Serialized files now loaded: 0)
System memory in use before: 59.7 MB.
System memory in use after: 59.8 MB.

Unloading 5 unused Assets to reduce memory usage. Loaded Objects now: 1569.
Total: 2.599800 ms (FindLiveObjects: 0.213800 ms CreateObjectMapping: 0.047900 ms MarkObjects: 2.233700 ms  DeleteObjects: 0.102400 ms)

AssetImportWorkerClient::OnTransportError - code=2 error=End of file
